<?xml version="1.0" encoding="utf-8"?><testsuites name="pytest tests"><testsuite name="pytest" errors="0" failures="0" skipped="0" tests="11" time="3.278" timestamp="2026-08-17T23:17:09.333671+00:00" hostname="agent-env-07cd09dc-4623-43d8-9713-d24812ec415c"><testcase classname="backend.tests.test_paydunya_payment.TestPayDunyaPaymentMethods" name="test_get_payment_methods" time="0.186" /><testcase classname="backend.tests.test_paydunya_payment.TestPayDunyaPaymentInitiation" name="test_initiate_payment_requires_valid_order" time="0.125" /><testcase classname="backend.tests.test_paydunya_payment.TestPayDunyaPaymentInitiation" name="test_initiate_payment_for_mobile_money_order" time="0.569" /><testcase classname="backend.tests.test_paydunya_payment.TestPayDunyaPaymentInitiation" name="test_order_creation_with_cash_payment" time="0.275" /><testcase classname="backend.tests.test_paydunya_payment.TestPayDunyaPaymentInitiation" name="test_order_creation_with_card_payment" time="0.171" /><testcase classname="backend.tests.test_paydunya_payment.TestPayDunyaPaymentVerification" name="test_verify_payment_for_nonexistent_order" time="0.116" /><testcase classname="backend.tests.test_paydunya_payment.TestPayDunyaPaymentVerification" name="test_verify_payment_returns_order_status" time="0.212" /><testcase classname="backend.tests.test_paydunya_payment.TestManagerNotifications" name="test_manager_notification_created_on_cash_order" time="0.258" /><testcase classname="backend.tests.test_paydunya_payment.TestAdminDashboardStats" name="test_admin_stats_requires_auth" time="0.121" /><testcase classname="backend.tests.test_paydunya_payment.TestAdminDashboardStats" name="test_admin_stats_returns_correct_structure" time="0.431" /><testcase classname="backend.tests.test_paydunya_payment.TestAdminDashboardStats" name="test_admin_stats_counts_only_confirmed_orders" time="0.795" /></testsuite></testsuites>