<?xml version="1.0" encoding="utf-8"?><testsuites name="pytest tests"><testsuite name="pytest" errors="0" failures="0" skipped="0" tests="11" time="1.981" timestamp="2026-03-20T14:49:26.712673+00:00" hostname="agent-env-dcc14efb-9836-48e7-8bee-843e101f7cd7"><testcase classname="backend.tests.test_api_facebook_share.TestHealthAndProducts" name="test_api_health" time="0.164" /><testcase classname="backend.tests.test_api_facebook_share.TestHealthAndProducts" name="test_get_products" time="0.119" /><testcase classname="backend.tests.test_api_facebook_share.TestHealthAndProducts" name="test_get_single_product" time="0.101" /><testcase classname="backend.tests.test_api_facebook_share.TestHealthAndProducts" name="test_get_categories" time="0.134" /><testcase classname="backend.tests.test_api_facebook_share.TestAuthentication" name="test_admin_login" time="0.342" /><testcase classname="backend.tests.test_api_facebook_share.TestAuthentication" name="test_invalid_login" time="0.104" /><testcase classname="backend.tests.test_api_facebook_share.TestCart" name="test_get_cart" time="0.100" /><testcase classname="backend.tests.test_api_facebook_share.TestCart" name="test_add_to_cart" time="0.513" /><testcase classname="backend.tests.test_api_facebook_share.TestFlashSales" name="test_get_flash_sales" time="0.092" /><testcase classname="backend.tests.test_api_facebook_share.TestSearch" name="test_product_search" time="0.123" /><testcase classname="backend.tests.test_api_facebook_share.TestNewsletter" name="test_newsletter_endpoint_exists" time="0.111" /></testsuite></testsuites>