<?xml version="1.0" encoding="utf-8"?><testsuites name="pytest tests"><testsuite name="pytest" errors="0" failures="0" skipped="0" tests="10" time="4.920" timestamp="2026-08-16T14:58:12.846689+00:00" hostname="agent-env-07cd09dc-4623-43d8-9713-d24812ec415c"><testcase classname="backend.tests.test_product_positions.TestProductPositionAPI" name="test_batch_position_update_success" time="0.633" /><testcase classname="backend.tests.test_product_positions.TestProductPositionAPI" name="test_batch_position_update_empty_list" time="0.462" /><testcase classname="backend.tests.test_product_positions.TestProductPositionAPI" name="test_batch_position_update_requires_auth" time="0.539" /><testcase classname="backend.tests.test_product_positions.TestProductPositionAPI" name="test_single_position_update_success" time="0.447" /><testcase classname="backend.tests.test_product_positions.TestProductPositionAPI" name="test_single_position_update_nonexistent_product" time="0.510" /><testcase classname="backend.tests.test_product_positions.TestProductPositionAPI" name="test_single_position_update_requires_auth" time="0.488" /><testcase classname="backend.tests.test_product_positions.TestProductPositionAPI" name="test_products_sorted_by_position" time="0.485" /><testcase classname="backend.tests.test_product_positions.TestProductPositionAPI" name="test_products_no_50_limit" time="0.412" /><testcase classname="backend.tests.test_product_positions.TestProductPositionAPI" name="test_position_persists_after_update" time="0.489" /><testcase classname="backend.tests.test_product_positions.TestProductPositionCleanup" name="test_cleanup_reset_positions" time="0.436" /></testsuite></testsuites>