<?xml version="1.0" encoding="utf-8"?><testsuites name="pytest tests"><testsuite name="pytest" errors="0" failures="0" skipped="0" tests="14" time="6.094" timestamp="2026-03-20T17:01:06.704379+00:00" hostname="agent-env-a329b128-fd17-4603-a08f-1d07ad9cf414"><testcase classname="backend.tests.test_appointments.TestAppointmentSystem" name="test_create_immobilier_appointment" time="0.483" /><testcase classname="backend.tests.test_appointments.TestAppointmentSystem" name="test_create_automobile_appointment" time="0.510" /><testcase classname="backend.tests.test_appointments.TestAppointmentSystem" name="test_create_general_appointment" time="0.463" /><testcase classname="backend.tests.test_appointments.TestAppointmentSystem" name="test_get_all_appointments" time="0.427" /><testcase classname="backend.tests.test_appointments.TestAppointmentSystem" name="test_filter_appointments_by_type_immobilier" time="0.453" /><testcase classname="backend.tests.test_appointments.TestAppointmentSystem" name="test_filter_appointments_by_type_automobile" time="0.432" /><testcase classname="backend.tests.test_appointments.TestAppointmentSystem" name="test_filter_appointments_by_type_general" time="0.434" /><testcase classname="backend.tests.test_appointments.TestAppointmentSystem" name="test_confirm_appointment_with_address_contact" time="0.620" /><testcase classname="backend.tests.test_appointments.TestAppointmentSystem" name="test_update_appointment_not_found" time="0.445" /><testcase classname="backend.tests.test_appointments.TestAppointmentSystem" name="test_get_appointments_stats" time="0.411" /><testcase classname="backend.tests.test_appointments.TestAppointmentSystem" name="test_manual_send_reminders" time="0.423" /><testcase classname="backend.tests.test_appointments.TestAppointmentSystem" name="test_admin_endpoints_require_auth" time="0.629" /><testcase classname="backend.tests.test_appointments.TestAppointmentValidation" name="test_create_appointment_missing_required_fields" time="0.132" /><testcase classname="backend.tests.test_appointments.TestAppointmentValidation" name="test_create_appointment_invalid_email" time="0.174" /></testsuite></testsuites>