<?xml version="1.0" encoding="utf-8"?><testsuites name="pytest tests"><testsuite name="pytest" errors="0" failures="3" skipped="0" tests="16" time="12.202" timestamp="2026-03-30T16:09:00.282569+00:00" hostname="agent-env-07cd09dc-4623-43d8-9713-d24812ec415c"><testcase classname="backend.tests.test_resellers.TestResellerAdminAPI" name="test_get_resellers_list" time="0.488" /><testcase classname="backend.tests.test_resellers.TestResellerAdminAPI" name="test_create_reseller_success" time="0.828" /><testcase classname="backend.tests.test_resellers.TestResellerAdminAPI" name="test_create_reseller_duplicate_email" time="0.842" /><testcase classname="backend.tests.test_resellers.TestResellerAdminAPI" name="test_create_reseller_missing_fields" time="0.447" /><testcase classname="backend.tests.test_resellers.TestResellerAdminAPI" name="test_update_reseller" time="0.891" /><testcase classname="backend.tests.test_resellers.TestResellerAdminAPI" name="test_get_reseller_details" time="0.805" /><testcase classname="backend.tests.test_resellers.TestResellerAdminAPI" name="test_get_nonexistent_reseller" time="0.471" /><testcase classname="backend.tests.test_resellers.TestResellerPortalAPI" name="test_reseller_login_success" time="0.998"><failure message="assert 500 == 200&#10; +  where 500 = &lt;Response [500]&gt;.status_code">backend/tests/test_resellers.py:264: in test_reseller_login_success
    assert response.status_code == 200
E   assert 500 == 200
E    +  where 500 = &lt;Response [500]&gt;.status_code</failure></testcase><testcase classname="backend.tests.test_resellers.TestResellerPortalAPI" name="test_reseller_login_invalid_password" time="1.035" /><testcase classname="backend.tests.test_resellers.TestResellerPortalAPI" name="test_reseller_login_invalid_email" time="0.793" /><testcase classname="backend.tests.test_resellers.TestResellerPortalAPI" name="test_reseller_me_endpoint" time="0.942"><failure message="requests.exceptions.JSONDecodeError: Expecting value: line 1 column 1 (char 0)">/root/.venv/lib/python3.11/site-packages/requests/models.py:976: in json
    return complexjson.loads(self.text, **kwargs)
           ^^^^^^^^^^^^^^^^^^^^^^^^^^^^^^^^^^^^^^
/usr/local/lib/python3.11/json/__init__.py:346: in loads
    return _default_decoder.decode(s)
           ^^^^^^^^^^^^^^^^^^^^^^^^^^
/usr/local/lib/python3.11/json/decoder.py:337: in decode
    obj, end = self.raw_decode(s, idx=_w(s, 0).end())
               ^^^^^^^^^^^^^^^^^^^^^^^^^^^^^^^^^^^^^^
/usr/local/lib/python3.11/json/decoder.py:355: in raw_decode
    raise JSONDecodeError("Expecting value", s, err.value) from None
E   json.decoder.JSONDecodeError: Expecting value: line 1 column 1 (char 0)

During handling of the above exception, another exception occurred:
backend/tests/test_resellers.py:302: in test_reseller_me_endpoint
    token = login_response.json()["token"]
            ^^^^^^^^^^^^^^^^^^^^^
/root/.venv/lib/python3.11/site-packages/requests/models.py:980: in json
    raise RequestsJSONDecodeError(e.msg, e.doc, e.pos)
E   requests.exceptions.JSONDecodeError: Expecting value: line 1 column 1 (char 0)</failure></testcase><testcase classname="backend.tests.test_resellers.TestResellerPortalAPI" name="test_reseller_dashboard" time="0.976"><failure message="requests.exceptions.JSONDecodeError: Expecting value: line 1 column 1 (char 0)">/root/.venv/lib/python3.11/site-packages/requests/models.py:976: in json
    return complexjson.loads(self.text, **kwargs)
           ^^^^^^^^^^^^^^^^^^^^^^^^^^^^^^^^^^^^^^
/usr/local/lib/python3.11/json/__init__.py:346: in loads
    return _default_decoder.decode(s)
           ^^^^^^^^^^^^^^^^^^^^^^^^^^
/usr/local/lib/python3.11/json/decoder.py:337: in decode
    obj, end = self.raw_decode(s, idx=_w(s, 0).end())
               ^^^^^^^^^^^^^^^^^^^^^^^^^^^^^^^^^^^^^^
/usr/local/lib/python3.11/json/decoder.py:355: in raw_decode
    raise JSONDecodeError("Expecting value", s, err.value) from None
E   json.decoder.JSONDecodeError: Expecting value: line 1 column 1 (char 0)

During handling of the above exception, another exception occurred:
backend/tests/test_resellers.py:324: in test_reseller_dashboard
    token = login_response.json()["token"]
            ^^^^^^^^^^^^^^^^^^^^^
/root/.venv/lib/python3.11/site-packages/requests/models.py:980: in json
    raise RequestsJSONDecodeError(e.msg, e.doc, e.pos)
E   requests.exceptions.JSONDecodeError: Expecting value: line 1 column 1 (char 0)</failure></testcase><testcase classname="backend.tests.test_resellers.TestResellerPortalAPI" name="test_reseller_me_without_token" time="0.807" /><testcase classname="backend.tests.test_resellers.TestResellerPortalAPI" name="test_reseller_dashboard_without_token" time="0.799" /><testcase classname="backend.tests.test_resellers.TestResellerCommissionPayment" name="test_pay_commission_no_pending" time="0.814" /><testcase classname="backend.tests.test_resellers.TestOrderWithResellerCode" name="test_order_model_accepts_reseller_code" time="0.154" /></testsuite></testsuites>