<?xml version="1.0" encoding="utf-8"?><testsuites name="pytest tests"><testsuite name="pytest" errors="0" failures="0" skipped="0" tests="23" time="4.665" timestamp="2026-08-21T11:43:49.041274+00:00" hostname="agent-env-07cd09dc-4623-43d8-9713-d24812ec415c"><testcase classname="backend.tests.test_dashboard_shipping.TestDashboardAnalytics" name="test_dashboard_stats_endpoint_exists" time="0.647" /><testcase classname="backend.tests.test_dashboard_shipping.TestDashboardAnalytics" name="test_dashboard_stats_structure" time="0.494" /><testcase classname="backend.tests.test_dashboard_shipping.TestDashboardAnalytics" name="test_dashboard_stats_period_filter" time="0.670" /><testcase classname="backend.tests.test_dashboard_shipping.TestCategoryBasedShipping" name="test_shipping_endpoint_exists" time="0.121" /><testcase classname="backend.tests.test_dashboard_shipping.TestCategoryBasedShipping" name="test_decoration_mobilier_shipping_dakar_centre" time="0.108" /><testcase classname="backend.tests.test_dashboard_shipping.TestCategoryBasedShipping" name="test_decoration_mobilier_shipping_banlieue" time="0.138" /><testcase classname="backend.tests.test_dashboard_shipping.TestCategoryBasedShipping" name="test_electromenager_shipping_dakar_centre" time="0.111" /><testcase classname="backend.tests.test_dashboard_shipping.TestCategoryBasedShipping" name="test_electromenager_shipping_proche_dakar" time="0.133" /><testcase classname="backend.tests.test_dashboard_shipping.TestCategoryBasedShipping" name="test_automobile_no_delivery" time="0.146" /><testcase classname="backend.tests.test_dashboard_shipping.TestCategoryBasedShipping" name="test_immobilier_no_delivery" time="0.137" /><testcase classname="backend.tests.test_dashboard_shipping.TestCategoryBasedShipping" name="test_standard_shipping_electronique" time="0.142" /><testcase classname="backend.tests.test_dashboard_shipping.TestCategoryBasedShipping" name="test_shipping_without_categories" time="0.131" /><testcase classname="backend.tests.test_dashboard_shipping.TestFeaturedProductsSorting" name="test_get_featured_products" time="0.151" /><testcase classname="backend.tests.test_dashboard_shipping.TestFeaturedProductsSorting" name="test_get_new_products" time="0.110" /><testcase classname="backend.tests.test_dashboard_shipping.TestFeaturedProductsSorting" name="test_featured_products_have_order_field" time="0.116" /><testcase classname="backend.tests.test_dashboard_shipping.TestFeaturedProductsSorting" name="test_new_products_have_order_field" time="0.149" /><testcase classname="backend.tests.test_dashboard_shipping.TestPayDunyaPayment" name="test_payment_methods_endpoint" time="0.135" /><testcase classname="backend.tests.test_dashboard_shipping.TestPayDunyaPayment" name="test_payment_initiation_requires_order" time="0.132" /><testcase classname="backend.tests.test_dashboard_shipping.TestProductVariants" name="test_products_have_variants_field" time="0.132" /><testcase classname="backend.tests.test_dashboard_shipping.TestProductVariants" name="test_product_detail_includes_variants" time="0.267" /><testcase classname="backend.tests.test_dashboard_shipping.TestSubcategoryFiltering" name="test_products_by_category" time="0.126" /><testcase classname="backend.tests.test_dashboard_shipping.TestSubcategoryFiltering" name="test_products_by_subcategory" time="0.138" /><testcase classname="backend.tests.test_dashboard_shipping.TestSubcategoryFiltering" name="test_products_by_category_and_subcategory" time="0.157" /></testsuite></testsuites>