<?xml version="1.0" encoding="utf-8"?><testsuites name="pytest tests"><testsuite name="pytest" errors="0" failures="0" skipped="0" tests="17" time="7.678" timestamp="2026-08-21T22:23:29.761041+00:00" hostname="agent-env-07cd09dc-4623-43d8-9713-d24812ec415c"><testcase classname="backend.tests.test_admin_featured_paydunya.TestAdminFeaturedProductsAPI" name="test_update_featured_status" time="0.720" /><testcase classname="backend.tests.test_admin_featured_paydunya.TestAdminFeaturedProductsAPI" name="test_update_featured_order" time="0.493" /><testcase classname="backend.tests.test_admin_featured_paydunya.TestAdminFeaturedProductsAPI" name="test_update_is_new_status" time="0.534" /><testcase classname="backend.tests.test_admin_featured_paydunya.TestAdminFeaturedProductsAPI" name="test_update_multiple_fields" time="0.482" /><testcase classname="backend.tests.test_admin_featured_paydunya.TestAdminFeaturedProductsAPI" name="test_update_nonexistent_product" time="0.413" /><testcase classname="backend.tests.test_admin_featured_paydunya.TestAdminFeaturedProductsAPI" name="test_update_without_auth" time="0.285" /><testcase classname="backend.tests.test_admin_featured_paydunya.TestAdminFeaturedProductsAPI" name="test_update_empty_body" time="0.542" /><testcase classname="backend.tests.test_admin_featured_paydunya.TestPayDunyaRetryEndpoint" name="test_retry_payment_pending_order" time="0.748" /><testcase classname="backend.tests.test_admin_featured_paydunya.TestPayDunyaRetryEndpoint" name="test_retry_payment_nonexistent_order" time="0.148" /><testcase classname="backend.tests.test_admin_featured_paydunya.TestPayDunyaSwitchToCOD" name="test_switch_to_cod_pending_order" time="0.752" /><testcase classname="backend.tests.test_admin_featured_paydunya.TestPayDunyaSwitchToCOD" name="test_switch_to_cod_nonexistent_order" time="0.220" /><testcase classname="backend.tests.test_admin_featured_paydunya.TestProductVariantsAPI" name="test_create_product_with_variants" time="0.601" /><testcase classname="backend.tests.test_admin_featured_paydunya.TestProductVariantsAPI" name="test_create_climatiseur_with_cv_variants" time="0.477" /><testcase classname="backend.tests.test_admin_featured_paydunya.TestProductVariantsAPI" name="test_create_matelas_with_dimension_variants" time="0.510" /><testcase classname="backend.tests.test_admin_featured_paydunya.TestSurCommandeStock" name="test_sur_commande_product_no_stock_required" time="0.437" /><testcase classname="backend.tests.test_admin_featured_paydunya.TestFeaturedProductsQuery" name="test_get_featured_products" time="0.111" /><testcase classname="backend.tests.test_admin_featured_paydunya.TestFeaturedProductsQuery" name="test_get_new_products" time="0.168" /></testsuite></testsuites>