<?xml version="1.0" encoding="utf-8"?><testsuites name="pytest tests"><testsuite name="pytest" errors="0" failures="0" skipped="0" tests="16" time="5.194" timestamp="2026-03-26T20:04:39.875326+00:00" hostname="agent-env-07cd09dc-4623-43d8-9713-d24812ec415c"><testcase classname="backend.tests.test_real_estate.TestPublicPropertyEndpoints" name="test_get_properties_list" time="0.169" /><testcase classname="backend.tests.test_real_estate.TestPublicPropertyEndpoints" name="test_get_properties_with_filters" time="0.126" /><testcase classname="backend.tests.test_real_estate.TestPublicPropertyEndpoints" name="test_get_featured_properties" time="0.136" /><testcase classname="backend.tests.test_real_estate.TestPublicPropertyEndpoints" name="test_get_property_stats" time="0.144" /><testcase classname="backend.tests.test_real_estate.TestPublicPropertyEndpoints" name="test_get_single_property" time="0.223" /><testcase classname="backend.tests.test_real_estate.TestPublicPropertyEndpoints" name="test_get_nonexistent_property" time="0.114" /><testcase classname="backend.tests.test_real_estate.TestAdminPropertyEndpoints" name="test_admin_get_properties" time="0.391" /><testcase classname="backend.tests.test_real_estate.TestAdminPropertyEndpoints" name="test_admin_get_properties_with_filter" time="0.442" /><testcase classname="backend.tests.test_real_estate.TestAdminPropertyEndpoints" name="test_admin_create_property" time="0.472" /><testcase classname="backend.tests.test_real_estate.TestAdminPropertyEndpoints" name="test_admin_create_property_with_max_images" time="0.484" /><testcase classname="backend.tests.test_real_estate.TestAdminPropertyEndpoints" name="test_admin_update_property_images" time="0.600" /><testcase classname="backend.tests.test_real_estate.TestAdminPropertyEndpoints" name="test_admin_delete_property" time="0.501" /><testcase classname="backend.tests.test_real_estate.TestAdminPropertyEndpoints" name="test_admin_toggle_featured" time="0.515" /><testcase classname="backend.tests.test_real_estate.TestAdminPropertyEndpoints" name="test_admin_toggle_availability" time="0.554" /><testcase classname="backend.tests.test_real_estate.TestAdminAuthRequired" name="test_admin_properties_requires_auth" time="0.112" /><testcase classname="backend.tests.test_real_estate.TestAdminAuthRequired" name="test_admin_create_requires_auth" time="0.126" /></testsuite></testsuites>