<?xml version="1.0" encoding="utf-8"?><testsuites name="pytest tests"><testsuite name="pytest" errors="0" failures="0" skipped="5" tests="9" time="3.193" timestamp="2026-08-16T18:20:23.509871+00:00" hostname="agent-env-07cd09dc-4623-43d8-9713-d24812ec415c"><testcase classname="tests.test_order_cancellation.TestOrderCancellation" name="test_can_cancel_endpoint_returns_true_for_pending_order" time="0.435"><skipped type="pytest.skip" message="No pending orders available for testing">/app/backend/tests/test_order_cancellation.py:54: No pending orders available for testing</skipped></testcase><testcase classname="tests.test_order_cancellation.TestOrderCancellation" name="test_can_cancel_endpoint_returns_false_for_cancelled_order" time="0.433" /><testcase classname="tests.test_order_cancellation.TestOrderCancellation" name="test_can_cancel_endpoint_returns_404_for_nonexistent_order" time="0.118" /><testcase classname="tests.test_order_cancellation.TestOrderCancellation" name="test_cancel_order_without_auth_returns_403" time="0.447"><skipped type="pytest.skip" message="No pending orders available for testing">/app/backend/tests/test_order_cancellation.py:110: No pending orders available for testing</skipped></testcase><testcase classname="tests.test_order_cancellation.TestOrderCancellation" name="test_cancel_order_with_wrong_email_returns_403" time="0.415"><skipped type="pytest.skip" message="No pending orders available for testing">/app/backend/tests/test_order_cancellation.py:128: No pending orders available for testing</skipped></testcase><testcase classname="tests.test_order_cancellation.TestOrderCancellation" name="test_cancel_order_with_correct_email_succeeds" time="0.374"><skipped type="pytest.skip" message="No pending orders available for testing">/app/backend/tests/test_order_cancellation.py:146: No pending orders available for testing</skipped></testcase><testcase classname="tests.test_order_cancellation.TestOrderCancellation" name="test_cancel_already_cancelled_order_returns_400" time="0.459" /><testcase classname="tests.test_order_cancellation.TestOrderCancellation" name="test_cancel_nonexistent_order_returns_404" time="0.121" /><testcase classname="tests.test_order_cancellation.TestOrderCancellationStatusValidation" name="test_can_cancel_returns_correct_status_for_confirmed_order" time="0.374"><skipped type="pytest.skip" message="No confirmed orders available for testing">/app/backend/tests/test_order_cancellation.py:254: No confirmed orders available for testing</skipped></testcase></testsuite></testsuites>