<?xml version="1.0" encoding="utf-8"?><testsuites name="pytest tests"><testsuite name="pytest" errors="0" failures="0" skipped="0" tests="16" time="11.827" timestamp="2026-03-30T16:18:39.880630+00:00" hostname="agent-env-07cd09dc-4623-43d8-9713-d24812ec415c"><testcase classname="backend.tests.test_resellers.TestResellerAdminAPI" name="test_get_resellers_list" time="0.429" /><testcase classname="backend.tests.test_resellers.TestResellerAdminAPI" name="test_create_reseller_success" time="0.746" /><testcase classname="backend.tests.test_resellers.TestResellerAdminAPI" name="test_create_reseller_duplicate_email" time="0.763" /><testcase classname="backend.tests.test_resellers.TestResellerAdminAPI" name="test_create_reseller_missing_fields" time="0.567" /><testcase classname="backend.tests.test_resellers.TestResellerAdminAPI" name="test_update_reseller" time="0.789" /><testcase classname="backend.tests.test_resellers.TestResellerAdminAPI" name="test_get_reseller_details" time="0.743" /><testcase classname="backend.tests.test_resellers.TestResellerAdminAPI" name="test_get_nonexistent_reseller" time="0.420" /><testcase classname="backend.tests.test_resellers.TestResellerPortalAPI" name="test_reseller_login_success" time="0.956" /><testcase classname="backend.tests.test_resellers.TestResellerPortalAPI" name="test_reseller_login_invalid_password" time="0.981" /><testcase classname="backend.tests.test_resellers.TestResellerPortalAPI" name="test_reseller_login_invalid_email" time="0.834" /><testcase classname="backend.tests.test_resellers.TestResellerPortalAPI" name="test_reseller_me_endpoint" time="1.093" /><testcase classname="backend.tests.test_resellers.TestResellerPortalAPI" name="test_reseller_dashboard" time="1.018" /><testcase classname="backend.tests.test_resellers.TestResellerPortalAPI" name="test_reseller_me_without_token" time="0.735" /><testcase classname="backend.tests.test_resellers.TestResellerPortalAPI" name="test_reseller_dashboard_without_token" time="0.724" /><testcase classname="backend.tests.test_resellers.TestResellerCommissionPayment" name="test_pay_commission_no_pending" time="0.837" /><testcase classname="backend.tests.test_resellers.TestOrderWithResellerCode" name="test_order_model_accepts_reseller_code" time="0.168" /></testsuite></testsuites>