<?xml version="1.0" encoding="utf-8"?><testsuites name="pytest tests"><testsuite name="pytest" errors="0" failures="0" skipped="3" tests="11" time="1.620" timestamp="2026-08-16T16:07:55.020267+00:00" hostname="agent-env-07cd09dc-4623-43d8-9713-d24812ec415c"><testcase classname="backend.tests.test_push_notifications.TestPushNotificationSubscription" name="test_subscribe_to_notifications" time="0.248" /><testcase classname="backend.tests.test_push_notifications.TestPushNotificationSubscription" name="test_subscribe_with_user_id" time="0.160" /><testcase classname="backend.tests.test_push_notifications.TestPushNotificationSubscription" name="test_subscribe_update_existing" time="0.257" /><testcase classname="backend.tests.test_push_notifications.TestPushNotificationSubscription" name="test_subscribe_missing_endpoint" time="0.112" /><testcase classname="backend.tests.test_push_notifications.TestPushNotificationSubscription" name="test_subscribe_missing_keys" time="0.106" /><testcase classname="backend.tests.test_push_notifications.TestNotificationTemplates" name="test_get_templates" time="0.101" /><testcase classname="backend.tests.test_push_notifications.TestNotificationTemplates" name="test_templates_contain_expected_types" time="0.123" /><testcase classname="backend.tests.test_push_notifications.TestNotificationStats" name="test_stats_requires_admin" time="0.125"><skipped type="pytest.xfail" message="BUG: Admin endpoints return 500 due to missing get_current_admin import in push_notifications.py" /></testcase><testcase classname="backend.tests.test_push_notifications.TestNotificationCampaigns" name="test_campaigns_requires_admin" time="0.110"><skipped type="pytest.xfail" message="BUG: Admin endpoints return 500 due to missing get_current_admin import in push_notifications.py" /></testcase><testcase classname="backend.tests.test_push_notifications.TestNotificationCampaigns" name="test_send_campaign_requires_admin" time="0.099"><skipped type="pytest.xfail" message="BUG: Admin endpoints return 500 due to missing get_current_admin import in push_notifications.py" /></testcase><testcase classname="backend.tests.test_push_notifications.TestRecentNotifications" name="test_get_recent_notifications" time="0.139" /></testsuite></testsuites>