<?xml version="1.0" encoding="utf-8"?><testsuites name="pytest tests"><testsuite name="pytest" errors="0" failures="0" skipped="0" tests="26" time="6.419" timestamp="2026-08-27T18:45:53.291695+00:00" hostname="agent-env-07cd09dc-4623-43d8-9713-d24812ec415c"><testcase classname="backend.tests.test_custom_requests.TestVehicleRequests" name="test_create_vehicle_request_success" time="0.264" /><testcase classname="backend.tests.test_custom_requests.TestVehicleRequests" name="test_create_vehicle_request_minimal" time="0.158" /><testcase classname="backend.tests.test_custom_requests.TestVehicleRequests" name="test_create_vehicle_request_dedouane" time="0.170" /><testcase classname="backend.tests.test_custom_requests.TestVehicleRequests" name="test_create_vehicle_request_missing_brand" time="0.189" /><testcase classname="backend.tests.test_custom_requests.TestSofaRequests" name="test_create_sofa_request_success" time="0.244" /><testcase classname="backend.tests.test_custom_requests.TestSofaRequests" name="test_create_sofa_request_minimal" time="0.155" /><testcase classname="backend.tests.test_custom_requests.TestSofaRequests" name="test_create_sofa_request_with_all_options" time="0.154" /><testcase classname="backend.tests.test_custom_requests.TestReupholsteryRequests" name="test_create_reupholstery_request_success" time="0.199" /><testcase classname="backend.tests.test_custom_requests.TestReupholsteryRequests" name="test_create_reupholstery_request_urgent" time="0.222" /><testcase classname="backend.tests.test_custom_requests.TestReupholsteryRequests" name="test_create_reupholstery_request_express" time="0.178" /><testcase classname="backend.tests.test_custom_requests.TestTrackRequest" name="test_track_existing_request" time="0.366" /><testcase classname="backend.tests.test_custom_requests.TestTrackRequest" name="test_track_nonexistent_request" time="0.169" /><testcase classname="backend.tests.test_custom_requests.TestAdminEndpoints" name="test_admin_list_all_requests" time="0.185" /><testcase classname="backend.tests.test_custom_requests.TestAdminEndpoints" name="test_admin_list_filter_by_type_vehicle" time="0.169" /><testcase classname="backend.tests.test_custom_requests.TestAdminEndpoints" name="test_admin_list_filter_by_type_sofa" time="0.157" /><testcase classname="backend.tests.test_custom_requests.TestAdminEndpoints" name="test_admin_list_filter_by_type_reupholstery" time="0.160" /><testcase classname="backend.tests.test_custom_requests.TestAdminEndpoints" name="test_admin_list_filter_by_status" time="0.158" /><testcase classname="backend.tests.test_custom_requests.TestAdminEndpoints" name="test_admin_stats" time="0.177" /><testcase classname="backend.tests.test_custom_requests.TestAdminEndpoints" name="test_admin_get_request_details" time="0.376" /><testcase classname="backend.tests.test_custom_requests.TestAdminEndpoints" name="test_admin_get_nonexistent_request" time="0.158" /><testcase classname="backend.tests.test_custom_requests.TestAdminEndpoints" name="test_admin_update_status" time="0.583" /><testcase classname="backend.tests.test_custom_requests.TestAdminEndpoints" name="test_admin_update_status_with_quote" time="0.442" /><testcase classname="backend.tests.test_custom_requests.TestAdminEndpoints" name="test_admin_update_nonexistent_request" time="0.183" /><testcase classname="backend.tests.test_custom_requests.TestProposeVehicle" name="test_propose_vehicle_success" time="0.522" /><testcase classname="backend.tests.test_custom_requests.TestProposeVehicle" name="test_propose_vehicle_to_sofa_request_fails" time="0.361" /><testcase classname="backend.tests.test_custom_requests.TestProposeVehicle" name="test_propose_vehicle_to_nonexistent_request" time="0.286" /></testsuite></testsuites>