<?xml version="1.0" encoding="utf-8"?><testsuites name="pytest tests"><testsuite name="pytest" errors="0" failures="3" skipped="1" tests="9" time="3.031" timestamp="2026-08-16T18:12:49.857249+00:00" hostname="agent-env-07cd09dc-4623-43d8-9713-d24812ec415c"><testcase classname="backend.tests.test_order_cancellation.TestOrderCancellation" name="test_can_cancel_endpoint_returns_true_for_pending_order" time="0.527" /><testcase classname="backend.tests.test_order_cancellation.TestOrderCancellation" name="test_can_cancel_endpoint_returns_false_for_cancelled_order" time="0.589" /><testcase classname="backend.tests.test_order_cancellation.TestOrderCancellation" name="test_can_cancel_endpoint_returns_404_for_nonexistent_order" time="0.135" /><testcase classname="backend.tests.test_order_cancellation.TestOrderCancellation" name="test_cancel_order_without_auth_returns_403" time="0.456" /><testcase classname="backend.tests.test_order_cancellation.TestOrderCancellation" name="test_cancel_order_with_wrong_email_returns_403" time="0.499" /><testcase classname="backend.tests.test_order_cancellation.TestOrderCancellation" name="test_cancel_order_with_correct_email_succeeds" time="0.398"><skipped type="pytest.skip" message="No pending orders available for testing">/app/backend/tests/test_order_cancellation.py:146: No pending orders available for testing</skipped></testcase><testcase classname="backend.tests.test_order_cancellation.TestOrderCancellation" name="test_cancel_already_cancelled_order_returns_400" time="0.110"><failure message="AssertionError: Failed to get admin token&#10;assert None">backend/tests/test_order_cancellation.py:172: in test_cancel_already_cancelled_order_returns_400
    assert token, "Failed to get admin token"
E   AssertionError: Failed to get admin token
E   assert None</failure></testcase><testcase classname="backend.tests.test_order_cancellation.TestOrderCancellation" name="test_cancel_nonexistent_order_returns_404" time="0.139"><failure message="assert 429 == 404&#10; +  where 429 = &lt;Response [429]&gt;.status_code">backend/tests/test_order_cancellation.py:210: in test_cancel_nonexistent_order_returns_404
    assert response.status_code == 404
E   assert 429 == 404
E    +  where 429 = &lt;Response [429]&gt;.status_code</failure></testcase><testcase classname="backend.tests.test_order_cancellation.TestOrderCancellationStatusValidation" name="test_can_cancel_returns_correct_status_for_confirmed_order" time="0.115"><failure message="AssertionError: Failed to get admin token&#10;assert None">backend/tests/test_order_cancellation.py:238: in test_can_cancel_returns_correct_status_for_confirmed_order
    assert token, "Failed to get admin token"
E   AssertionError: Failed to get admin token
E   assert None</failure></testcase></testsuite></testsuites>