<?xml version="1.0" encoding="utf-8"?><testsuites name="pytest tests"><testsuite name="pytest" errors="0" failures="4" skipped="6" tests="20" time="3.168" timestamp="2026-08-18T00:01:57.250631+00:00" hostname="agent-env-07cd09dc-4623-43d8-9713-d24812ec415c"><testcase classname="backend.tests.test_currency_api.TestCurrencyRates" name="test_get_exchange_rates" time="0.159" /><testcase classname="backend.tests.test_currency_api.TestCurrencyRates" name="test_get_exchange_rates_currencies_list" time="0.120" /><testcase classname="backend.tests.test_currency_api.TestCurrencyConversion" name="test_convert_xof_to_eur" time="0.104" /><testcase classname="backend.tests.test_currency_api.TestCurrencyConversion" name="test_convert_xof_to_usd" time="0.115" /><testcase classname="backend.tests.test_currency_api.TestCurrencyConversion" name="test_convert_eur_to_xof" time="0.121" /><testcase classname="backend.tests.test_currency_api.TestCurrencyConversion" name="test_convert_same_currency" time="0.134" /><testcase classname="backend.tests.test_currency_api.TestCurrencyFormat" name="test_format_price_xof" time="0.135" /><testcase classname="backend.tests.test_currency_api.TestCurrencyFormat" name="test_format_price_eur" time="0.123" /><testcase classname="backend.tests.test_currency_api.TestCurrencyFormat" name="test_format_price_usd" time="0.143" /><testcase classname="backend.tests.test_paydunya_payment.TestPayDunyaPaymentMethods" name="test_get_payment_methods" time="0.138" /><testcase classname="backend.tests.test_paydunya_payment.TestPayDunyaPaymentInitiation" name="test_initiate_payment_requires_valid_order" time="0.104"><failure message="assert 429 == 404&#10; +  where 429 = &lt;Response [429]&gt;.status_code">backend/tests/test_paydunya_payment.py:107: in test_initiate_payment_requires_valid_order
    assert response.status_code == 404
E   assert 429 == 404
E    +  where 429 = &lt;Response [429]&gt;.status_code</failure></testcase><testcase classname="backend.tests.test_paydunya_payment.TestPayDunyaPaymentInitiation" name="test_initiate_payment_for_mobile_money_order" time="0.119"><skipped type="pytest.skip" message="Could not create test order">/app/backend/tests/test_paydunya_payment.py:115: Could not create test order</skipped></testcase><testcase classname="backend.tests.test_paydunya_payment.TestPayDunyaPaymentInitiation" name="test_order_creation_with_cash_payment" time="0.394"><skipped type="pytest.skip" message="Could not create test order">/app/backend/tests/test_paydunya_payment.py:144: Could not create test order</skipped></testcase><testcase classname="backend.tests.test_paydunya_payment.TestPayDunyaPaymentInitiation" name="test_order_creation_with_card_payment" time="0.151"><skipped type="pytest.skip" message="Could not create test order">/app/backend/tests/test_paydunya_payment.py:156: Could not create test order</skipped></testcase><testcase classname="backend.tests.test_paydunya_payment.TestPayDunyaPaymentVerification" name="test_verify_payment_for_nonexistent_order" time="0.416"><failure message="assert 429 == 404&#10; +  where 429 = &lt;Response [429]&gt;.status_code">backend/tests/test_paydunya_payment.py:177: in test_verify_payment_for_nonexistent_order
    assert response.status_code == 404
E   assert 429 == 404
E    +  where 429 = &lt;Response [429]&gt;.status_code</failure></testcase><testcase classname="backend.tests.test_paydunya_payment.TestPayDunyaPaymentVerification" name="test_verify_payment_returns_order_status" time="0.125"><skipped type="pytest.skip" message="Could not create test order">/app/backend/tests/test_paydunya_payment.py:207: Could not create test order</skipped></testcase><testcase classname="backend.tests.test_paydunya_payment.TestManagerNotifications" name="test_manager_notification_created_on_cash_order" time="0.101"><failure message="assert 429 == 200&#10; +  where 429 = &lt;Response [429]&gt;.status_code">backend/tests/test_paydunya_payment.py:268: in test_manager_notification_created_on_cash_order
    assert response.status_code == 200
E   assert 429 == 200
E    +  where 429 = &lt;Response [429]&gt;.status_code</failure></testcase><testcase classname="backend.tests.test_paydunya_payment.TestAdminDashboardStats" name="test_admin_stats_requires_auth" time="0.128"><failure message="assert 429 == 401&#10; +  where 429 = &lt;Response [429]&gt;.status_code">backend/tests/test_paydunya_payment.py:300: in test_admin_stats_requires_auth
    assert response.status_code == 401
E   assert 429 == 401
E    +  where 429 = &lt;Response [429]&gt;.status_code</failure></testcase><testcase classname="backend.tests.test_paydunya_payment.TestAdminDashboardStats" name="test_admin_stats_returns_correct_structure" time="0.147"><skipped type="pytest.skip" message="Could not get admin token">/app/backend/tests/test_paydunya_payment.py:306: Could not get admin token</skipped></testcase><testcase classname="backend.tests.test_paydunya_payment.TestAdminDashboardStats" name="test_admin_stats_counts_only_confirmed_orders" time="0.123"><skipped type="pytest.skip" message="Could not get admin token">/app/backend/tests/test_paydunya_payment.py:330: Could not get admin token</skipped></testcase></testsuite></testsuites>