<?xml version="1.0" encoding="utf-8"?><testsuites name="pytest tests"><testsuite name="pytest" errors="0" failures="0" skipped="0" tests="18" time="11.514" timestamp="2026-08-21T22:47:17.041669+00:00" hostname="agent-env-07cd09dc-4623-43d8-9713-d24812ec415c"><testcase classname="backend.tests.test_whatsapp_api.TestWhatsAppStatus" name="test_whatsapp_status_returns_200" time="0.666" /><testcase classname="backend.tests.test_whatsapp_api.TestWhatsAppStatus" name="test_whatsapp_status_has_required_fields" time="0.631" /><testcase classname="backend.tests.test_whatsapp_api.TestWhatsAppStatus" name="test_whatsapp_status_configured_is_boolean" time="0.626" /><testcase classname="backend.tests.test_whatsapp_api.TestWhatsAppStatus" name="test_whatsapp_status_api_version_format" time="0.602" /><testcase classname="backend.tests.test_whatsapp_api.TestWhatsAppStatus" name="test_whatsapp_status_template_language_is_french" time="0.619" /><testcase classname="backend.tests.test_whatsapp_api.TestWhatsAppPending" name="test_pending_returns_200" time="0.672" /><testcase classname="backend.tests.test_whatsapp_api.TestWhatsAppPending" name="test_pending_has_notifications_array" time="0.631" /><testcase classname="backend.tests.test_whatsapp_api.TestWhatsAppPending" name="test_pending_has_count_field" time="0.613" /><testcase classname="backend.tests.test_whatsapp_api.TestWhatsAppPending" name="test_pending_count_matches_notifications_length" time="0.662" /><testcase classname="backend.tests.test_whatsapp_api.TestWhatsAppPending" name="test_pending_with_limit_parameter" time="0.639" /><testcase classname="backend.tests.test_whatsapp_api.TestWhatsAppPending" name="test_pending_notification_structure" time="0.668" /><testcase classname="backend.tests.test_whatsapp_api.TestWhatsAppPending" name="test_pending_notification_has_whatsapp_link" time="0.616" /><testcase classname="backend.tests.test_whatsapp_api.TestWhatsAppWebhook" name="test_webhook_verification_without_params_fails" time="0.621" /><testcase classname="backend.tests.test_whatsapp_api.TestWhatsAppWebhook" name="test_webhook_verification_with_wrong_token_fails" time="0.611" /><testcase classname="backend.tests.test_whatsapp_api.TestWhatsAppWebhook" name="test_webhook_post_returns_ok" time="0.679" /><testcase classname="backend.tests.test_whatsapp_api.TestWhatsAppMarkSent" name="test_mark_sent_nonexistent_returns_404" time="0.626" /><testcase classname="backend.tests.test_whatsapp_api.TestWhatsAppIntegration" name="test_status_shows_not_configured_without_env_vars" time="0.641" /><testcase classname="backend.tests.test_whatsapp_api.TestWhatsAppIntegration" name="test_pending_notifications_are_queued_for_manual_send" time="0.652" /></testsuite></testsuites>