<?xml version="1.0" encoding="utf-8"?><testsuites name="pytest tests"><testsuite name="pytest" errors="0" failures="0" skipped="0" tests="21" time="3.688" timestamp="2026-03-20T15:30:00.392032+00:00" hostname="agent-env-dcc14efb-9836-48e7-8bee-843e101f7cd7"><testcase classname="backend.tests.test_refactored_routes.TestHealthEndpoints" name="test_health_endpoint" time="0.183" /><testcase classname="backend.tests.test_refactored_routes.TestGiftBoxPublicRoutes" name="test_gift_box_config" time="0.137" /><testcase classname="backend.tests.test_refactored_routes.TestGiftBoxPublicRoutes" name="test_gift_box_active_template" time="0.104" /><testcase classname="backend.tests.test_refactored_routes.TestGiftBoxPublicRoutes" name="test_gift_box_products" time="0.131" /><testcase classname="backend.tests.test_refactored_routes.TestBlogPublicRoutes" name="test_blog_posts_list" time="0.109" /><testcase classname="backend.tests.test_refactored_routes.TestBlogPublicRoutes" name="test_blog_posts_with_category_filter" time="0.115" /><testcase classname="backend.tests.test_refactored_routes.TestBlogPublicRoutes" name="test_blog_single_post" time="0.127" /><testcase classname="backend.tests.test_refactored_routes.TestBlogPublicRoutes" name="test_blog_post_not_found" time="0.171" /><testcase classname="backend.tests.test_refactored_routes.TestAuthAndAdminRoutes" name="test_admin_login" time="0.376" /><testcase classname="backend.tests.test_refactored_routes.TestAuthAndAdminRoutes" name="test_admin_gift_box_config" time="0.467" /><testcase classname="backend.tests.test_refactored_routes.TestAuthAndAdminRoutes" name="test_admin_blog_posts" time="0.476" /><testcase classname="backend.tests.test_refactored_routes.TestAuthAndAdminRoutes" name="test_admin_endpoint_requires_auth" time="0.115" /><testcase classname="backend.tests.test_refactored_routes.TestExistingCoreRoutes" name="test_products_endpoint" time="0.140" /><testcase classname="backend.tests.test_refactored_routes.TestExistingCoreRoutes" name="test_product_by_id" time="0.116" /><testcase classname="backend.tests.test_refactored_routes.TestExistingCoreRoutes" name="test_flash_sales_endpoint" time="0.153" /><testcase classname="backend.tests.test_refactored_routes.TestExistingCoreRoutes" name="test_categories_endpoint" time="0.114" /><testcase classname="backend.tests.test_refactored_routes.TestExistingCoreRoutes" name="test_cart_endpoint" time="0.093" /><testcase classname="backend.tests.test_refactored_routes.TestExistingCoreRoutes" name="test_add_to_cart" time="0.111" /><testcase classname="backend.tests.test_refactored_routes.TestSearchAndReviews" name="test_search_endpoint" time="0.131" /><testcase classname="backend.tests.test_refactored_routes.TestSearchAndReviews" name="test_featured_reviews" time="0.130" /><testcase classname="backend.tests.test_refactored_routes.TestSearchAndReviews" name="test_reviews_stats" time="0.132" /></testsuite></testsuites>